# JRE version: OpenJDK Runtime Environment (8.0_76-b03) (build 1.8.0_76-release-b03)
# Java VM: OpenJDK 64-Bit Server VM (25.76-b03 mixed mode windows-amd64 compressed oops)
Heap:
 PSYoungGen      total 348672K, used 256927K [0x00000000e0000000, 0x00000000f7680000, 0x0000000100000000)
  eden space 331776K, 72% used [0x00000000e0000000,0x00000000eeaea320,0x00000000f4400000)
  from space 16896K, 96% used [0x00000000f6600000,0x00000000f75fdaa0,0x00000000f7680000)
  to   space 24576K, 0% used [0x00000000f4680000,0x00000000f4680000,0x00000000f5e80000)
 ParOldGen       total 77824K, used 44480K [0x00000000a0000000, 0x00000000a4c00000, 0x00000000e0000000)
  object space 77824K, 57% used [0x00000000a0000000,0x00000000a2b70020,0x00000000a4c00000)
 Metaspace       used 71993K, capacity 75078K, committed 75184K, reserved 1118208K
  class space    used 9177K, capacity 9838K, committed 9904K, reserved 1048576K
GC Heap History (10 events):
Event: 231.461 GC heap before
{Heap before GC invocations=17 (full 5):
 PSYoungGen      total 293888K, used 5310K [0x00000000e0000000, 0x00000000f3700000, 0x0000000100000000)
  eden space 269312K, 0% used [0x00000000e0000000,0x00000000e0000000,0x00000000f0700000)
  from space 24576K, 21% used [0x00000000f1f00000,0x00000000f242f968,0x00000000f3700000)
  to   space 24576K, 0% used [0x00000000f0700000,0x00000000f0700000,0x00000000f1f00000)
 ParOldGen       total 77824K, used 45561K [0x00000000a0000000, 0x00000000a4c00000, 0x00000000e0000000)
  object space 77824K, 58% used [0x00000000a0000000,0x00000000a2c7e620,0x00000000a4c00000)
 Metaspace       used 57554K, capacity 59852K, committed 60080K, reserved 1103872K
  class space    used 7695K, capacity 8263K, committed 8368K, reserved 1048576K
Event: 231.712 GC heap after
Heap after GC invocations=17 (full 5):
 PSYoungGen      total 293888K, used 0K [0x00000000e0000000, 0x00000000f3700000, 0x0000000100000000)
  eden space 269312K, 0% used [0x00000000e0000000,0x00000000e0000000,0x00000000f0700000)
  from space 24576K, 0% used [0x00000000f1f00000,0x00000000f1f00000,0x00000000f3700000)
  to   space 24576K, 0% used [0x00000000f0700000,0x00000000f0700000,0x00000000f1f00000)
 ParOldGen       total 77824K, used 44448K [0x00000000a0000000, 0x00000000a4c00000, 0x00000000e0000000)
  object space 77824K, 57% used [0x00000000a0000000,0x00000000a2b68020,0x00000000a4c00000)
 Metaspace       used 57554K, capacity 59852K, committed 60080K, reserved 1103872K
  class space    used 7695K, capacity 8263K, committed 8368K, reserved 1048576K
}
Event: 257.849 GC heap before
{Heap before GC invocations=18 (full 5):
 PSYoungGen      total 293888K, used 269312K [0x00000000e0000000, 0x00000000f3700000, 0x0000000100000000)
  eden space 269312K, 100% used [0x00000000e0000000,0x00000000f0700000,0x00000000f0700000)
  from space 24576K, 0% used [0x00000000f1f00000,0x00000000f1f00000,0x00000000f3700000)
  to   space 24576K, 0% used [0x00000000f0700000,0x00000000f0700000,0x00000000f1f00000)
 ParOldGen       total 77824K, used 44448K [0x00000000a0000000, 0x00000000a4c00000, 0x00000000e0000000)
  object space 77824K, 57% used [0x00000000a0000000,0x00000000a2b68020,0x00000000a4c00000)
 Metaspace       used 58247K, capacity 60642K, committed 60848K, reserved 1105920K
  class space    used 7720K, capacity 8290K, committed 8368K, reserved 1048576K
Event: 257.875 GC heap after
Heap after GC invocations=18 (full 5):
 PSYoungGen      total 293888K, used 7792K [0x00000000e0000000, 0x00000000f7d00000, 0x0000000100000000)
  eden space 269312K, 0% used [0x00000000e0000000,0x00000000e0000000,0x00000000f0700000)
  from space 24576K, 31% used [0x00000000f0700000,0x00000000f0e9c010,0x00000000f1f00000)
  to   space 23552K, 0% used [0x00000000f6600000,0x00000000f6600000,0x00000000f7d00000)
 ParOldGen       total 77824K, used 44456K [0x00000000a0000000, 0x00000000a4c00000, 0x00000000e0000000)
  object space 77824K, 57% used [0x00000000a0000000,0x00000000a2b6a020,0x00000000a4c00000)
 Metaspace       used 58247K, capacity 60642K, committed 60848K, reserved 1105920K
  class space    used 7720K, capacity 8290K, committed 8368K, reserved 1048576K
}
Event: 596.020 GC heap before
{Heap before GC invocations=19 (full 5):
 PSYoungGen      total 293888K, used 277058K [0x00000000e0000000, 0x00000000f7d00000, 0x0000000100000000)
  eden space 269312K, 99% used [0x00000000e0000000,0x00000000f06f4a20,0x00000000f0700000)
  from space 24576K, 31% used [0x00000000f0700000,0x00000000f0e9c010,0x00000000f1f00000)
  to   space 23552K, 0% used [0x00000000f6600000,0x00000000f6600000,0x00000000f7d00000)
 ParOldGen       total 77824K, used 44456K [0x00000000a0000000, 0x00000000a4c00000, 0x00000000e0000000)
  object space 77824K, 57% used [0x00000000a0000000,0x00000000a2b6a020,0x00000000a4c00000)
 Metaspace       used 59737K, capacity 62412K, committed 62512K, reserved 1105920K
  class space    used 7899K, capacity 8485K, committed 8496K, reserved 1048576K
Event: 596.045 GC heap after
Heap after GC invocations=19 (full 5):
 PSYoungGen      total 348672K, used 16766K [0x00000000e0000000, 0x00000000f7680000, 0x0000000100000000)
  eden space 331776K, 0% used [0x00000000e0000000,0x00000000e0000000,0x00000000f4400000)
  from space 16896K, 99% used [0x00000000f6600000,0x00000000f765f9b8,0x00000000f7680000)
  to   space 24576K, 0% used [0x00000000f4680000,0x00000000f4680000,0x00000000f5e80000)
 ParOldGen       total 77824K, used 44464K [0x00000000a0000000, 0x00000000a4c00000, 0x00000000e0000000)
  object space 77824K, 57% used [0x00000000a0000000,0x00000000a2b6c020,0x00000000a4c00000)
 Metaspace       used 59737K, capacity 62412K, committed 62512K, reserved 1105920K
  class space    used 7899K, capacity 8485K, committed 8496K, reserved 1048576K
}
Event: 601.327 GC heap before
{Heap before GC invocations=20 (full 5):
 PSYoungGen      total 348672K, used 348542K [0x00000000e0000000, 0x00000000f7680000, 0x0000000100000000)
  eden space 331776K, 100% used [0x00000000e0000000,0x00000000f4400000,0x00000000f4400000)
  from space 16896K, 99% used [0x00000000f6600000,0x00000000f765f9b8,0x00000000f7680000)
  to   space 24576K, 0% used [0x00000000f4680000,0x00000000f4680000,0x00000000f5e80000)
 ParOldGen       total 77824K, used 44464K [0x00000000a0000000, 0x00000000a4c00000, 0x00000000e0000000)
  object space 77824K, 57% used [0x00000000a0000000,0x00000000a2b6c020,0x00000000a4c00000)
 Metaspace       used 66906K, capacity 69838K, committed 70064K, reserved 1114112K
  class space    used 8691K, capacity 9340K, committed 9392K, reserved 1048576K
Event: 601.349 GC heap after
Heap after GC invocations=20 (full 5):
 PSYoungGen      total 356352K, used 15471K [0x00000000e0000000, 0x00000000f7680000, 0x0000000100000000)
  eden space 331776K, 0% used [0x00000000e0000000,0x00000000e0000000,0x00000000f4400000)
  from space 24576K, 62% used [0x00000000f4680000,0x00000000f559bca8,0x00000000f5e80000)
  to   space 16896K, 0% used [0x00000000f6600000,0x00000000f6600000,0x00000000f7680000)
 ParOldGen       total 77824K, used 44472K [0x00000000a0000000, 0x00000000a4c00000, 0x00000000e0000000)
  object space 77824K, 57% used [0x00000000a0000000,0x00000000a2b6e020,0x00000000a4c00000)
 Metaspace       used 66906K, capacity 69838K, committed 70064K, reserved 1114112K
  class space    used 8691K, capacity 9340K, committed 9392K, reserved 1048576K
}
Event: 603.618 GC heap before
{Heap before GC invocations=21 (full 5):
 PSYoungGen      total 356352K, used 347247K [0x00000000e0000000, 0x00000000f7680000, 0x0000000100000000)
  eden space 331776K, 100% used [0x00000000e0000000,0x00000000f4400000,0x00000000f4400000)
  from space 24576K, 62% used [0x00000000f4680000,0x00000000f559bca8,0x00000000f5e80000)
  to   space 16896K, 0% used [0x00000000f6600000,0x00000000f6600000,0x00000000f7680000)
 ParOldGen       total 77824K, used 44472K [0x00000000a0000000, 0x00000000a4c00000, 0x00000000e0000000)
  object space 77824K, 57% used [0x00000000a0000000,0x00000000a2b6e020,0x00000000a4c00000)
 Metaspace       used 68814K, capacity 71832K, committed 72112K, reserved 1114112K
  class space    used 8909K, capacity 9573K, committed 9648K, reserved 1048576K
Event: 603.632 GC heap after
Heap after GC invocations=21 (full 5):
 PSYoungGen      total 348672K, used 16374K [0x00000000e0000000, 0x00000000f7680000, 0x0000000100000000)
  eden space 331776K, 0% used [0x00000000e0000000,0x00000000e0000000,0x00000000f4400000)
  from space 16896K, 96% used [0x00000000f6600000,0x00000000f75fdaa0,0x00000000f7680000)
  to   space 24576K, 0% used [0x00000000f4680000,0x00000000f4680000,0x00000000f5e80000)
 ParOldGen       total 77824K, used 44480K [0x00000000a0000000, 0x00000000a4c00000, 0x00000000e0000000)
  object space 77824K, 57% used [0x00000000a0000000,0x00000000a2b70020,0x00000000a4c00000)
 Metaspace       used 68814K, capacity 71832K, committed 72112K, reserved 1114112K
  class space    used 8909K, capacity 9573K, committed 9648K, reserved 1048576K
}

